<?xml version="1.0" encoding="UTF-8"?>
<!-- Generated by org.testng.reporters.JUnitReportReporter -->
<testsuite skipped="0" hostname="W700995EHQ" name="apiTests.CountryTests" tests="6" failures="0" timestamp="12 Oct 2016 10:06:11 GMT" time="3.947" errors="0">
  <testcase name="getCountryByIso3Code" time="0.189" classname="apiTests.CountryTests"/>
  <testcase name="getCountryByIso3Code" time="0.225" classname="apiTests.CountryTests"/>
  <testcase name="getCountryBySearch" time="0.295" classname="apiTests.CountryTests"/>
  <testcase name="getCountryByIso2Code" time="0.255" classname="apiTests.CountryTests"/>
  <testcase name="getCountryByIso2Code" time="0.197" classname="apiTests.CountryTests"/>
  <testcase name="getAllCountries" time="2.786" classname="apiTests.CountryTests"/>
</testsuite> <!-- apiTests.CountryTests -->
